2018-10-25 09:16:19.310  INFO 3489 --- [main] c.g.s.SecuritysampleApplication          : Starting SecuritysampleApplication on bogon with PID 3489 (/Users/macbook37349/eclipse-workspace/securitysample/target/classes started by macbook37349 in /Users/macbook37349/eclipse-workspace/securitysample)
2018-10-25 09:16:19.316  INFO 3489 --- [main] c.g.s.SecuritysampleApplication          : No active profile set, falling back to default profiles: default
2018-10-25 09:16:19.354  INFO 3489 --- [main] ConfigServletWebServerApplicationContext : Refreshing org.springframework.boot.web.servlet.context.AnnotationConfigServletWebServerApplicationContext@13c9d689: startup date [Thu Oct 25 09:16:19 CST 2018]; root of context hierarchy
2018-10-25 09:16:20.445  INFO 3489 --- [main] o.s.b.w.embedded.tomcat.TomcatWebServer  : Tomcat initialized with port(s): 9000 (http)
2018-10-25 09:16:20.466  INFO 3489 --- [main] o.apache.catalina.core.StandardService   : Starting service [Tomcat]
2018-10-25 09:16:20.467  INFO 3489 --- [main] org.apache.catalina.core.StandardEngine  : Starting Servlet Engine: Apache Tomcat/8.5.34
2018-10-25 09:16:20.470  INFO 3489 --- [localhost-startStop-1] o.a.catalina.core.AprLifecycleListener   : The APR based Apache Tomcat Native library which allows optimal performance in production environments was not found on the java.library.path: [/Users/macbook37349/Library/Java/Extensions:/Library/Java/Extensions:/Network/Library/Java/Extensions:/System/Library/Java/Extensions:/usr/lib/java:.]
2018-10-25 09:16:20.532  INFO 3489 --- [localhost-startStop-1] o.a.c.c.C.[Tomcat].[localhost].[/]       : Initializing Spring embedded WebApplicationContext
2018-10-25 09:16:20.532  INFO 3489 --- [localhost-startStop-1] o.s.web.context.ContextLoader            : Root WebApplicationContext: initialization completed in 1179 ms
2018-10-25 09:16:20.606  INFO 3489 --- [localhost-startStop-1] o.s.b.w.servlet.FilterRegistrationBean   : Mapping filter: 'characterEncodingFilter' to: [/*]
2018-10-25 09:16:20.607  INFO 3489 --- [localhost-startStop-1] o.s.b.w.servlet.FilterRegistrationBean   : Mapping filter: 'hiddenHttpMethodFilter' to: [/*]
2018-10-25 09:16:20.607  INFO 3489 --- [localhost-startStop-1] o.s.b.w.servlet.FilterRegistrationBean   : Mapping filter: 'httpPutFormContentFilter' to: [/*]
2018-10-25 09:16:20.607  INFO 3489 --- [localhost-startStop-1] o.s.b.w.servlet.FilterRegistrationBean   : Mapping filter: 'requestContextFilter' to: [/*]
2018-10-25 09:16:20.608  INFO 3489 --- [localhost-startStop-1] .s.DelegatingFilterProxyRegistrationBean : Mapping filter: 'springSecurityFilterChain' to: [/*]
2018-10-25 09:16:20.608  INFO 3489 --- [localhost-startStop-1] o.s.b.w.servlet.ServletRegistrationBean  : Servlet dispatcherServlet mapped to [/]
2018-10-25 09:16:20.694  INFO 3489 --- [main] o.s.w.s.handler.SimpleUrlHandlerMapping  : Mapped URL path [/**/favicon.ico] onto handler of type [class org.springframework.web.servlet.resource.ResourceHttpRequestHandler]
2018-10-25 09:16:20.853  INFO 3489 --- [main] s.w.s.m.m.a.RequestMappingHandlerAdapter : Looking for @ControllerAdvice: org.springframework.boot.web.servlet.context.AnnotationConfigServletWebServerApplicationContext@13c9d689: startup date [Thu Oct 25 09:16:19 CST 2018]; root of context hierarchy
2018-10-25 09:16:20.905  INFO 3489 --- [main] s.w.s.m.m.a.RequestMappingHandlerMapping : Mapped "{[/error]}" onto public org.springframework.http.ResponseEntity<java.util.Map<java.lang.String, java.lang.Object>> org.springframework.boot.autoconfigure.web.servlet.error.BasicErrorController.error(javax.servlet.http.HttpServletRequest)
2018-10-25 09:16:20.906  INFO 3489 --- [main] s.w.s.m.m.a.RequestMappingHandlerMapping : Mapped "{[/error],produces=[text/html]}" onto public org.springframework.web.servlet.ModelAndView org.springframework.boot.autoconfigure.web.servlet.error.BasicErrorController.errorHtml(javax.servlet.http.HttpServletRequest,javax.servlet.http.HttpServletResponse)
2018-10-25 09:16:20.934  INFO 3489 --- [main] o.s.w.s.handler.SimpleUrlHandlerMapping  : Mapped URL path [/webjars/**] onto handler of type [class org.springframework.web.servlet.resource.ResourceHttpRequestHandler]
2018-10-25 09:16:20.934  INFO 3489 --- [main] o.s.w.s.handler.SimpleUrlHandlerMapping  : Mapped URL path [/**] onto handler of type [class org.springframework.web.servlet.resource.ResourceHttpRequestHandler]
2018-10-25 09:16:21.474  INFO 3489 --- [main] .s.s.UserDetailsServiceAutoConfiguration : 

Using generated security password: 793eed4a-3373-45eb-9462-91cb3b4e9aca

2018-10-25 09:16:21.587  INFO 3489 --- [main] o.s.s.web.DefaultSecurityFilterChain     : Creating filter chain: org.springframework.security.web.util.matcher.AnyRequestMatcher@1, [org.springframework.security.web.context.request.async.WebAsyncManagerIntegrationFilter@732c9b5c, org.springframework.security.web.context.SecurityContextPersistenceFilter@7e736350, org.springframework.security.web.header.HeaderWriterFilter@a33b4e3, org.springframework.security.web.csrf.CsrfFilter@2eaef76d, org.springframework.security.web.authentication.logout.LogoutFilter@499683c4, org.springframework.security.web.authentication.UsernamePasswordAuthenticationFilter@3e5d4f6b, org.springframework.security.web.authentication.ui.DefaultLoginPageGeneratingFilter@46d567cb, org.springframework.security.web.authentication.www.BasicAuthenticationFilter@3ae0b770, org.springframework.security.web.savedrequest.RequestCacheAwareFilter@76c387f9, org.springframework.security.web.servletapi.SecurityContextHolderAwareRequestFilter@783115d9, org.springframework.security.web.authentication.AnonymousAuthenticationFilter@38320e34, org.springframework.security.web.session.SessionManagementFilter@3bae64d0, org.springframework.security.web.access.ExceptionTranslationFilter@36361ddb, org.springframework.security.web.access.intercept.FilterSecurityInterceptor@1aac188d]
2018-10-25 09:16:21.667  INFO 3489 --- [main] o.s.j.e.a.AnnotationMBeanExporter        : Registering beans for JMX exposure on startup
2018-10-25 09:16:21.669  INFO 3489 --- [main] o.s.j.e.a.AnnotationMBeanExporter        : Bean with name 'dataSource' has been autodetected for JMX exposure
2018-10-25 09:16:21.675  INFO 3489 --- [main] o.s.j.e.a.AnnotationMBeanExporter        : Located MBean 'dataSource': registering with JMX server as MBean [com.zaxxer.hikari:name=dataSource,type=HikariDataSource]
2018-10-25 09:16:21.716  INFO 3489 --- [main] o.s.b.w.embedded.tomcat.TomcatWebServer  : Tomcat started on port(s): 9000 (http) with context path ''
2018-10-25 09:16:21.719  INFO 3489 --- [main] c.g.s.SecuritysampleApplication          : Started SecuritysampleApplication in 2.756 seconds (JVM running for 4.262)
2018-10-25 09:16:28.296  INFO 3489 --- [http-nio-9000-exec-1] o.a.c.c.C.[Tomcat].[localhost].[/]       : Initializing Spring FrameworkServlet 'dispatcherServlet'
2018-10-25 09:16:28.297  INFO 3489 --- [http-nio-9000-exec-1] o.s.web.servlet.DispatcherServlet        : FrameworkServlet 'dispatcherServlet': initialization started
2018-10-25 09:16:28.310  INFO 3489 --- [http-nio-9000-exec-1] o.s.web.servlet.DispatcherServlet        : FrameworkServlet 'dispatcherServlet': initialization completed in 13 ms
2018-10-25 09:27:39.573  INFO 3489 --- [RMI TCP Connection(2)-127.0.0.1] inMXBeanRegistrar$SpringApplicationAdmin : Application shutdown requested.
2018-10-25 09:27:39.574  INFO 3489 --- [RMI TCP Connection(2)-127.0.0.1] ConfigServletWebServerApplicationContext : Closing org.springframework.boot.web.servlet.context.AnnotationConfigServletWebServerApplicationContext@13c9d689: startup date [Thu Oct 25 09:16:19 CST 2018]; root of context hierarchy
2018-10-25 09:27:39.577  INFO 3489 --- [RMI TCP Connection(2)-127.0.0.1] o.s.j.e.a.AnnotationMBeanExporter        : Unregistering JMX-exposed beans on shutdown
2018-10-25 09:27:39.578  INFO 3489 --- [RMI TCP Connection(2)-127.0.0.1] o.s.j.e.a.AnnotationMBeanExporter        : Unregistering JMX-exposed beans
2018-10-25 09:27:46.939  INFO 3500 --- [main] c.g.s.SecuritysampleApplication          : Starting SecuritysampleApplication on bogon with PID 3500 (/Users/macbook37349/eclipse-workspace/securitysample/target/classes started by macbook37349 in /Users/macbook37349/eclipse-workspace/securitysample)
2018-10-25 09:27:46.944  INFO 3500 --- [main] c.g.s.SecuritysampleApplication          : No active profile set, falling back to default profiles: default
2018-10-25 09:27:46.980  INFO 3500 --- [main] ConfigServletWebServerApplicationContext : Refreshing org.springframework.boot.web.servlet.context.AnnotationConfigServletWebServerApplicationContext@48d5f34e: startup date [Thu Oct 25 09:27:46 CST 2018]; root of context hierarchy
2018-10-25 09:27:48.202  INFO 3500 --- [main] o.s.b.w.embedded.tomcat.TomcatWebServer  : Tomcat initialized with port(s): 9000 (http)
2018-10-25 09:27:48.229  INFO 3500 --- [main] o.apache.catalina.core.StandardService   : Starting service [Tomcat]
2018-10-25 09:27:48.230  INFO 3500 --- [main] org.apache.catalina.core.StandardEngine  : Starting Servlet Engine: Apache Tomcat/8.5.34
2018-10-25 09:27:48.235  INFO 3500 --- [localhost-startStop-1] o.a.catalina.core.AprLifecycleListener   : The APR based Apache Tomcat Native library which allows optimal performance in production environments was not found on the java.library.path: [/Users/macbook37349/Library/Java/Extensions:/Library/Java/Extensions:/Network/Library/Java/Extensions:/System/Library/Java/Extensions:/usr/lib/java:.]
2018-10-25 09:27:48.312  INFO 3500 --- [localhost-startStop-1] o.a.c.c.C.[Tomcat].[localhost].[/]       : Initializing Spring embedded WebApplicationContext
2018-10-25 09:27:48.312  INFO 3500 --- [localhost-startStop-1] o.s.web.context.ContextLoader            : Root WebApplicationContext: initialization completed in 1332 ms
2018-10-25 09:27:48.408  INFO 3500 --- [localhost-startStop-1] o.s.b.w.servlet.FilterRegistrationBean   : Mapping filter: 'characterEncodingFilter' to: [/*]
2018-10-25 09:27:48.408  INFO 3500 --- [localhost-startStop-1] o.s.b.w.servlet.FilterRegistrationBean   : Mapping filter: 'hiddenHttpMethodFilter' to: [/*]
2018-10-25 09:27:48.409  INFO 3500 --- [localhost-startStop-1] o.s.b.w.servlet.FilterRegistrationBean   : Mapping filter: 'httpPutFormContentFilter' to: [/*]
2018-10-25 09:27:48.409  INFO 3500 --- [localhost-startStop-1] o.s.b.w.servlet.FilterRegistrationBean   : Mapping filter: 'requestContextFilter' to: [/*]
2018-10-25 09:27:48.409  INFO 3500 --- [localhost-startStop-1] .s.DelegatingFilterProxyRegistrationBean : Mapping filter: 'springSecurityFilterChain' to: [/*]
2018-10-25 09:27:48.410  INFO 3500 --- [localhost-startStop-1] o.s.b.w.servlet.ServletRegistrationBean  : Servlet dispatcherServlet mapped to [/]
2018-10-25 09:27:48.536  INFO 3500 --- [main] o.s.w.s.handler.SimpleUrlHandlerMapping  : Mapped URL path [/**/favicon.ico] onto handler of type [class org.springframework.web.servlet.resource.ResourceHttpRequestHandler]
2018-10-25 09:27:48.742  INFO 3500 --- [main] s.w.s.m.m.a.RequestMappingHandlerAdapter : Looking for @ControllerAdvice: org.springframework.boot.web.servlet.context.AnnotationConfigServletWebServerApplicationContext@48d5f34e: startup date [Thu Oct 25 09:27:46 CST 2018]; root of context hierarchy
2018-10-25 09:27:48.806  INFO 3500 --- [main] s.w.s.m.m.a.RequestMappingHandlerMapping : Mapped "{[/error]}" onto public org.springframework.http.ResponseEntity<java.util.Map<java.lang.String, java.lang.Object>> org.springframework.boot.autoconfigure.web.servlet.error.BasicErrorController.error(javax.servlet.http.HttpServletRequest)
2018-10-25 09:27:48.807  INFO 3500 --- [main] s.w.s.m.m.a.RequestMappingHandlerMapping : Mapped "{[/error],produces=[text/html]}" onto public org.springframework.web.servlet.ModelAndView org.springframework.boot.autoconfigure.web.servlet.error.BasicErrorController.errorHtml(javax.servlet.http.HttpServletRequest,javax.servlet.http.HttpServletResponse)
2018-10-25 09:27:48.846  INFO 3500 --- [main] o.s.w.s.handler.SimpleUrlHandlerMapping  : Mapped URL path [/webjars/**] onto handler of type [class org.springframework.web.servlet.resource.ResourceHttpRequestHandler]
2018-10-25 09:27:48.846  INFO 3500 --- [main] o.s.w.s.handler.SimpleUrlHandlerMapping  : Mapped URL path [/**] onto handler of type [class org.springframework.web.servlet.resource.ResourceHttpRequestHandler]
2018-10-25 09:27:49.503  INFO 3500 --- [main] .s.s.UserDetailsServiceAutoConfiguration : 

Using generated security password: 84a13356-9bec-47d8-b8a3-3100d6318ee8

2018-10-25 09:27:49.677  INFO 3500 --- [main] o.s.s.web.DefaultSecurityFilterChain     : Creating filter chain: org.springframework.security.web.util.matcher.AnyRequestMatcher@1, [org.springframework.security.web.context.request.async.WebAsyncManagerIntegrationFilter@78da899f, org.springframework.security.web.context.SecurityContextPersistenceFilter@373052b5, org.springframework.security.web.header.HeaderWriterFilter@6588b715, org.springframework.security.web.csrf.CsrfFilter@4391a2d8, org.springframework.security.web.authentication.logout.LogoutFilter@5190010f, org.springframework.security.web.authentication.UsernamePasswordAuthenticationFilter@2ac519dc, org.springframework.security.web.authentication.ui.DefaultLoginPageGeneratingFilter@7d8cf9ac, org.springframework.security.web.authentication.www.BasicAuthenticationFilter@3cc79c02, org.springframework.security.web.savedrequest.RequestCacheAwareFilter@7b2bf745, org.springframework.security.web.servletapi.SecurityContextHolderAwareRequestFilter@58fd1214, org.springframework.security.web.authentication.AnonymousAuthenticationFilter@e7b265e, org.springframework.security.web.session.SessionManagementFilter@52c9d3d0, org.springframework.security.web.access.ExceptionTranslationFilter@72443081, org.springframework.security.web.access.intercept.FilterSecurityInterceptor@4293e066]
2018-10-25 09:27:49.789  INFO 3500 --- [main] o.s.j.e.a.AnnotationMBeanExporter        : Registering beans for JMX exposure on startup
2018-10-25 09:27:49.790  INFO 3500 --- [main] o.s.j.e.a.AnnotationMBeanExporter        : Bean with name 'dataSource' has been autodetected for JMX exposure
2018-10-25 09:27:49.798  INFO 3500 --- [main] o.s.j.e.a.AnnotationMBeanExporter        : Located MBean 'dataSource': registering with JMX server as MBean [com.zaxxer.hikari:name=dataSource,type=HikariDataSource]
2018-10-25 09:27:49.847  INFO 3500 --- [main] o.s.b.w.embedded.tomcat.TomcatWebServer  : Tomcat started on port(s): 9000 (http) with context path ''
2018-10-25 09:27:49.853  INFO 3500 --- [main] c.g.s.SecuritysampleApplication          : Started SecuritysampleApplication in 3.422 seconds (JVM running for 5.173)
2018-10-25 09:27:51.252  INFO 3500 --- [http-nio-9000-exec-2] o.a.c.c.C.[Tomcat].[localhost].[/]       : Initializing Spring FrameworkServlet 'dispatcherServlet'
2018-10-25 09:27:51.252  INFO 3500 --- [http-nio-9000-exec-2] o.s.web.servlet.DispatcherServlet        : FrameworkServlet 'dispatcherServlet': initialization started
2018-10-25 09:27:51.269  INFO 3500 --- [http-nio-9000-exec-2] o.s.web.servlet.DispatcherServlet        : FrameworkServlet 'dispatcherServlet': initialization completed in 16 ms
2018-10-25 09:30:08.158  INFO 3535 --- [main] c.g.s.SecuritysampleApplication          : Starting SecuritysampleApplication on bogon with PID 3535 (/Users/macbook37349/eclipse-workspace/securitysample/target/classes started by macbook37349 in /Users/macbook37349/eclipse-workspace/securitysample)
2018-10-25 09:30:08.162  INFO 3535 --- [main] c.g.s.SecuritysampleApplication          : No active profile set, falling back to default profiles: default
2018-10-25 09:30:08.197  INFO 3535 --- [main] ConfigServletWebServerApplicationContext : Refreshing org.springframework.boot.web.servlet.context.AnnotationConfigServletWebServerApplicationContext@4b41dd5c: startup date [Thu Oct 25 09:30:08 CST 2018]; root of context hierarchy
2018-10-25 09:30:09.333  INFO 3535 --- [main] o.s.b.w.embedded.tomcat.TomcatWebServer  : Tomcat initialized with port(s): 9000 (http)
2018-10-25 09:30:09.355  INFO 3535 --- [main] o.apache.catalina.core.StandardService   : Starting service [Tomcat]
2018-10-25 09:30:09.356  INFO 3535 --- [main] org.apache.catalina.core.StandardEngine  : Starting Servlet Engine: Apache Tomcat/8.5.34
2018-10-25 09:30:09.360  INFO 3535 --- [localhost-startStop-1] o.a.catalina.core.AprLifecycleListener   : The APR based Apache Tomcat Native library which allows optimal performance in production environments was not found on the java.library.path: [/Users/macbook37349/Library/Java/Extensions:/Library/Java/Extensions:/Network/Library/Java/Extensions:/System/Library/Java/Extensions:/usr/lib/java:.]
2018-10-25 09:30:09.429  INFO 3535 --- [localhost-startStop-1] o.a.c.c.C.[Tomcat].[localhost].[/]       : Initializing Spring embedded WebApplicationContext
2018-10-25 09:30:09.429  INFO 3535 --- [localhost-startStop-1] o.s.web.context.ContextLoader            : Root WebApplicationContext: initialization completed in 1232 ms
2018-10-25 09:30:09.520  INFO 3535 --- [localhost-startStop-1] o.s.b.w.servlet.FilterRegistrationBean   : Mapping filter: 'characterEncodingFilter' to: [/*]
2018-10-25 09:30:09.521  INFO 3535 --- [localhost-startStop-1] o.s.b.w.servlet.FilterRegistrationBean   : Mapping filter: 'hiddenHttpMethodFilter' to: [/*]
2018-10-25 09:30:09.521  INFO 3535 --- [localhost-startStop-1] o.s.b.w.servlet.FilterRegistrationBean   : Mapping filter: 'httpPutFormContentFilter' to: [/*]
2018-10-25 09:30:09.521  INFO 3535 --- [localhost-startStop-1] o.s.b.w.servlet.FilterRegistrationBean   : Mapping filter: 'requestContextFilter' to: [/*]
2018-10-25 09:30:09.522  INFO 3535 --- [localhost-startStop-1] .s.DelegatingFilterProxyRegistrationBean : Mapping filter: 'springSecurityFilterChain' to: [/*]
2018-10-25 09:30:09.522  INFO 3535 --- [localhost-startStop-1] o.s.b.w.servlet.ServletRegistrationBean  : Servlet dispatcherServlet mapped to [/]
2018-10-25 09:30:09.633  INFO 3535 --- [main] o.s.w.s.handler.SimpleUrlHandlerMapping  : Mapped URL path [/**/favicon.ico] onto handler of type [class org.springframework.web.servlet.resource.ResourceHttpRequestHandler]
2018-10-25 09:30:09.827  INFO 3535 --- [main] s.w.s.m.m.a.RequestMappingHandlerAdapter : Looking for @ControllerAdvice: org.springframework.boot.web.servlet.context.AnnotationConfigServletWebServerApplicationContext@4b41dd5c: startup date [Thu Oct 25 09:30:08 CST 2018]; root of context hierarchy
2018-10-25 09:30:09.885  INFO 3535 --- [main] s.w.s.m.m.a.RequestMappingHandlerMapping : Mapped "{[/error]}" onto public org.springframework.http.ResponseEntity<java.util.Map<java.lang.String, java.lang.Object>> org.springframework.boot.autoconfigure.web.servlet.error.BasicErrorController.error(javax.servlet.http.HttpServletRequest)
2018-10-25 09:30:09.886  INFO 3535 --- [main] s.w.s.m.m.a.RequestMappingHandlerMapping : Mapped "{[/error],produces=[text/html]}" onto public org.springframework.web.servlet.ModelAndView org.springframework.boot.autoconfigure.web.servlet.error.BasicErrorController.errorHtml(javax.servlet.http.HttpServletRequest,javax.servlet.http.HttpServletResponse)
2018-10-25 09:30:09.921  INFO 3535 --- [main] o.s.w.s.handler.SimpleUrlHandlerMapping  : Mapped URL path [/webjars/**] onto handler of type [class org.springframework.web.servlet.resource.ResourceHttpRequestHandler]
2018-10-25 09:30:09.921  INFO 3535 --- [main] o.s.w.s.handler.SimpleUrlHandlerMapping  : Mapped URL path [/**] onto handler of type [class org.springframework.web.servlet.resource.ResourceHttpRequestHandler]
2018-10-25 09:30:10.553  INFO 3535 --- [main] .s.s.UserDetailsServiceAutoConfiguration : 

Using generated security password: d98e957f-0e43-4cab-89fe-a2fa574abe4c

2018-10-25 09:30:10.724  INFO 3535 --- [main] o.s.s.web.DefaultSecurityFilterChain     : Creating filter chain: org.springframework.security.web.util.matcher.AnyRequestMatcher@1, [org.springframework.security.web.context.request.async.WebAsyncManagerIntegrationFilter@546394ed, org.springframework.security.web.context.SecurityContextPersistenceFilter@39de9bda, org.springframework.security.web.header.HeaderWriterFilter@67cffead, org.springframework.security.web.csrf.CsrfFilter@79d3473e, org.springframework.security.web.authentication.logout.LogoutFilter@484149eb, org.springframework.security.web.authentication.UsernamePasswordAuthenticationFilter@511f5b1d, org.springframework.security.web.authentication.ui.DefaultLoginPageGeneratingFilter@49e2b3c5, org.springframework.security.web.authentication.www.BasicAuthenticationFilter@67eec8e1, org.springframework.security.web.savedrequest.RequestCacheAwareFilter@52226e57, org.springframework.security.web.servletapi.SecurityContextHolderAwareRequestFilter@750a04ec, org.springframework.security.web.authentication.AnonymousAuthenticationFilter@664212ab, org.springframework.security.web.session.SessionManagementFilter@1ff15a50, org.springframework.security.web.access.ExceptionTranslationFilter@76e90da5, org.springframework.security.web.access.intercept.FilterSecurityInterceptor@c7f4457]
2018-10-25 09:30:10.833  INFO 3535 --- [main] o.s.j.e.a.AnnotationMBeanExporter        : Registering beans for JMX exposure on startup
2018-10-25 09:30:10.835  INFO 3535 --- [main] o.s.j.e.a.AnnotationMBeanExporter        : Bean with name 'dataSource' has been autodetected for JMX exposure
2018-10-25 09:30:10.841  INFO 3535 --- [main] o.s.j.e.a.AnnotationMBeanExporter        : Located MBean 'dataSource': registering with JMX server as MBean [com.zaxxer.hikari:name=dataSource,type=HikariDataSource]
2018-10-25 09:30:10.887  INFO 3535 --- [main] o.s.b.w.embedded.tomcat.TomcatWebServer  : Tomcat started on port(s): 9000 (http) with context path ''
2018-10-25 09:30:10.896  INFO 3535 --- [main] c.g.s.SecuritysampleApplication          : Started SecuritysampleApplication in 3.1 seconds (JVM running for 4.654)
2018-10-25 09:30:12.202  INFO 3535 --- [http-nio-9000-exec-1] o.a.c.c.C.[Tomcat].[localhost].[/]       : Initializing Spring FrameworkServlet 'dispatcherServlet'
2018-10-25 09:30:12.203  INFO 3535 --- [http-nio-9000-exec-1] o.s.web.servlet.DispatcherServlet        : FrameworkServlet 'dispatcherServlet': initialization started
2018-10-25 09:30:12.220  INFO 3535 --- [http-nio-9000-exec-1] o.s.web.servlet.DispatcherServlet        : FrameworkServlet 'dispatcherServlet': initialization completed in 17 ms
2018-10-25 09:40:22.742  INFO 3536 --- [main] c.g.s.SecuritysampleApplication          : Starting SecuritysampleApplication on bogon with PID 3536 (/Users/macbook37349/eclipse-workspace/securitysample/target/classes started by macbook37349 in /Users/macbook37349/eclipse-workspace/securitysample)
2018-10-25 09:40:22.746  INFO 3536 --- [main] c.g.s.SecuritysampleApplication          : No active profile set, falling back to default profiles: default
2018-10-25 09:40:22.797  INFO 3536 --- [main] ConfigServletWebServerApplicationContext : Refreshing org.springframework.boot.web.servlet.context.AnnotationConfigServletWebServerApplicationContext@141e5bef: startup date [Thu Oct 25 09:40:22 CST 2018]; root of context hierarchy
2018-10-25 09:40:23.985  INFO 3536 --- [main] o.s.b.w.embedded.tomcat.TomcatWebServer  : Tomcat initialized with port(s): 9000 (http)
2018-10-25 09:40:24.011  INFO 3536 --- [main] o.apache.catalina.core.StandardService   : Starting service [Tomcat]
2018-10-25 09:40:24.011  INFO 3536 --- [main] org.apache.catalina.core.StandardEngine  : Starting Servlet Engine: Apache Tomcat/8.5.34
2018-10-25 09:40:24.016  INFO 3536 --- [localhost-startStop-1] o.a.catalina.core.AprLifecycleListener   : The APR based Apache Tomcat Native library which allows optimal performance in production environments was not found on the java.library.path: [/Users/macbook37349/Library/Java/Extensions:/Library/Java/Extensions:/Network/Library/Java/Extensions:/System/Library/Java/Extensions:/usr/lib/java:.]
2018-10-25 09:40:24.087  INFO 3536 --- [localhost-startStop-1] o.a.c.c.C.[Tomcat].[localhost].[/]       : Initializing Spring embedded WebApplicationContext
2018-10-25 09:40:24.087  INFO 3536 --- [localhost-startStop-1] o.s.web.context.ContextLoader            : Root WebApplicationContext: initialization completed in 1290 ms
2018-10-25 09:40:24.178  INFO 3536 --- [localhost-startStop-1] o.s.b.w.servlet.FilterRegistrationBean   : Mapping filter: 'characterEncodingFilter' to: [/*]
2018-10-25 09:40:24.179  INFO 3536 --- [localhost-startStop-1] o.s.b.w.servlet.FilterRegistrationBean   : Mapping filter: 'hiddenHttpMethodFilter' to: [/*]
2018-10-25 09:40:24.179  INFO 3536 --- [localhost-startStop-1] o.s.b.w.servlet.FilterRegistrationBean   : Mapping filter: 'httpPutFormContentFilter' to: [/*]
2018-10-25 09:40:24.179  INFO 3536 --- [localhost-startStop-1] o.s.b.w.servlet.FilterRegistrationBean   : Mapping filter: 'requestContextFilter' to: [/*]
2018-10-25 09:40:24.180  INFO 3536 --- [localhost-startStop-1] .s.DelegatingFilterProxyRegistrationBean : Mapping filter: 'springSecurityFilterChain' to: [/*]
2018-10-25 09:40:24.180  INFO 3536 --- [localhost-startStop-1] o.s.b.w.servlet.ServletRegistrationBean  : Servlet dispatcherServlet mapped to [/]
2018-10-25 09:40:24.293  INFO 3536 --- [main] o.s.w.s.handler.SimpleUrlHandlerMapping  : Mapped URL path [/**/favicon.ico] onto handler of type [class org.springframework.web.servlet.resource.ResourceHttpRequestHandler]
2018-10-25 09:40:24.493  INFO 3536 --- [main] s.w.s.m.m.a.RequestMappingHandlerAdapter : Looking for @ControllerAdvice: org.springframework.boot.web.servlet.context.AnnotationConfigServletWebServerApplicationContext@141e5bef: startup date [Thu Oct 25 09:40:22 CST 2018]; root of context hierarchy
2018-10-25 09:40:24.550  INFO 3536 --- [main] s.w.s.m.m.a.RequestMappingHandlerMapping : Mapped "{[/error]}" onto public org.springframework.http.ResponseEntity<java.util.Map<java.lang.String, java.lang.Object>> org.springframework.boot.autoconfigure.web.servlet.error.BasicErrorController.error(javax.servlet.http.HttpServletRequest)
2018-10-25 09:40:24.551  INFO 3536 --- [main] s.w.s.m.m.a.RequestMappingHandlerMapping : Mapped "{[/error],produces=[text/html]}" onto public org.springframework.web.servlet.ModelAndView org.springframework.boot.autoconfigure.web.servlet.error.BasicErrorController.errorHtml(javax.servlet.http.HttpServletRequest,javax.servlet.http.HttpServletResponse)
2018-10-25 09:40:24.586  INFO 3536 --- [main] o.s.w.s.handler.SimpleUrlHandlerMapping  : Mapped URL path [/webjars/**] onto handler of type [class org.springframework.web.servlet.resource.ResourceHttpRequestHandler]
2018-10-25 09:40:24.586  INFO 3536 --- [main] o.s.w.s.handler.SimpleUrlHandlerMapping  : Mapped URL path [/**] onto handler of type [class org.springframework.web.servlet.resource.ResourceHttpRequestHandler]
2018-10-25 09:40:25.209  INFO 3536 --- [main] .s.s.UserDetailsServiceAutoConfiguration : 

Using generated security password: 1d15e089-2ee7-41de-ae9f-94a49615e09b

2018-10-25 09:40:25.381  INFO 3536 --- [main] o.s.s.web.DefaultSecurityFilterChain     : Creating filter chain: org.springframework.security.web.util.matcher.AnyRequestMatcher@1, [org.springframework.security.web.context.request.async.WebAsyncManagerIntegrationFilter@32faa16c, org.springframework.security.web.context.SecurityContextPersistenceFilter@62cba181, org.springframework.security.web.header.HeaderWriterFilter@66a53104, org.springframework.security.web.csrf.CsrfFilter@d499c13, org.springframework.security.web.authentication.logout.LogoutFilter@54b2fc58, org.springframework.security.web.authentication.UsernamePasswordAuthenticationFilter@16da476c, org.springframework.security.web.authentication.ui.DefaultLoginPageGeneratingFilter@55b5cd2b, org.springframework.security.web.authentication.www.BasicAuthenticationFilter@24c8d8be, org.springframework.security.web.savedrequest.RequestCacheAwareFilter@661fe025, org.springframework.security.web.servletapi.SecurityContextHolderAwareRequestFilter@220c9a63, org.springframework.security.web.authentication.AnonymousAuthenticationFilter@343fddd9, org.springframework.security.web.session.SessionManagementFilter@6f825516, org.springframework.security.web.access.ExceptionTranslationFilter@626c19cf, org.springframework.security.web.access.intercept.FilterSecurityInterceptor@662e682a]
2018-10-25 09:40:25.486  INFO 3536 --- [main] o.s.j.e.a.AnnotationMBeanExporter        : Registering beans for JMX exposure on startup
2018-10-25 09:40:25.488  INFO 3536 --- [main] o.s.j.e.a.AnnotationMBeanExporter        : Bean with name 'dataSource' has been autodetected for JMX exposure
2018-10-25 09:40:25.493  INFO 3536 --- [main] o.s.j.e.a.AnnotationMBeanExporter        : Located MBean 'dataSource': registering with JMX server as MBean [com.zaxxer.hikari:name=dataSource,type=HikariDataSource]
2018-10-25 09:40:25.546  INFO 3536 --- [main] o.s.b.w.embedded.tomcat.TomcatWebServer  : Tomcat started on port(s): 9000 (http) with context path ''
2018-10-25 09:40:25.552  INFO 3536 --- [main] c.g.s.SecuritysampleApplication          : Started SecuritysampleApplication in 3.205 seconds (JVM running for 4.764)
2018-10-25 09:40:25.640  INFO 3536 --- [http-nio-9000-exec-1] o.a.c.c.C.[Tomcat].[localhost].[/]       : Initializing Spring FrameworkServlet 'dispatcherServlet'
2018-10-25 09:40:25.641  INFO 3536 --- [http-nio-9000-exec-1] o.s.web.servlet.DispatcherServlet        : FrameworkServlet 'dispatcherServlet': initialization started
2018-10-25 09:40:25.658  INFO 3536 --- [http-nio-9000-exec-1] o.s.web.servlet.DispatcherServlet        : FrameworkServlet 'dispatcherServlet': initialization completed in 17 ms
2018-10-25 09:41:12.139  INFO 3537 --- [main] c.g.s.SecuritysampleApplication          : Starting SecuritysampleApplication on bogon with PID 3537 (/Users/macbook37349/eclipse-workspace/securitysample/target/classes started by macbook37349 in /Users/macbook37349/eclipse-workspace/securitysample)
2018-10-25 09:41:12.143  INFO 3537 --- [main] c.g.s.SecuritysampleApplication          : No active profile set, falling back to default profiles: default
2018-10-25 09:41:12.178  INFO 3537 --- [main] ConfigServletWebServerApplicationContext : Refreshing org.springframework.boot.web.servlet.context.AnnotationConfigServletWebServerApplicationContext@c9d0d6: startup date [Thu Oct 25 09:41:12 CST 2018]; root of context hierarchy
2018-10-25 09:41:13.336  INFO 3537 --- [main] o.s.b.w.embedded.tomcat.TomcatWebServer  : Tomcat initialized with port(s): 9000 (http)
2018-10-25 09:41:13.373  INFO 3537 --- [main] o.apache.catalina.core.StandardService   : Starting service [Tomcat]
2018-10-25 09:41:13.373  INFO 3537 --- [main] org.apache.catalina.core.StandardEngine  : Starting Servlet Engine: Apache Tomcat/8.5.34
2018-10-25 09:41:13.378  INFO 3537 --- [localhost-startStop-1] o.a.catalina.core.AprLifecycleListener   : The APR based Apache Tomcat Native library which allows optimal performance in production environments was not found on the java.library.path: [/Users/macbook37349/Library/Java/Extensions:/Library/Java/Extensions:/Network/Library/Java/Extensions:/System/Library/Java/Extensions:/usr/lib/java:.]
2018-10-25 09:41:13.483  INFO 3537 --- [localhost-startStop-1] o.a.c.c.C.[Tomcat].[localhost].[/]       : Initializing Spring embedded WebApplicationContext
2018-10-25 09:41:13.484  INFO 3537 --- [localhost-startStop-1] o.s.web.context.ContextLoader            : Root WebApplicationContext: initialization completed in 1306 ms
2018-10-25 09:41:13.596  INFO 3537 --- [localhost-startStop-1] o.s.b.w.servlet.FilterRegistrationBean   : Mapping filter: 'characterEncodingFilter' to: [/*]
2018-10-25 09:41:13.596  INFO 3537 --- [localhost-startStop-1] o.s.b.w.servlet.FilterRegistrationBean   : Mapping filter: 'hiddenHttpMethodFilter' to: [/*]
2018-10-25 09:41:13.596  INFO 3537 --- [localhost-startStop-1] o.s.b.w.servlet.FilterRegistrationBean   : Mapping filter: 'httpPutFormContentFilter' to: [/*]
2018-10-25 09:41:13.597  INFO 3537 --- [localhost-startStop-1] o.s.b.w.servlet.FilterRegistrationBean   : Mapping filter: 'requestContextFilter' to: [/*]
2018-10-25 09:41:13.597  INFO 3537 --- [localhost-startStop-1] .s.DelegatingFilterProxyRegistrationBean : Mapping filter: 'springSecurityFilterChain' to: [/*]
2018-10-25 09:41:13.597  INFO 3537 --- [localhost-startStop-1] o.s.b.w.servlet.ServletRegistrationBean  : Servlet dispatcherServlet mapped to [/]
2018-10-25 09:41:13.736  INFO 3537 --- [main] o.s.w.s.handler.SimpleUrlHandlerMapping  : Mapped URL path [/**/favicon.ico] onto handler of type [class org.springframework.web.servlet.resource.ResourceHttpRequestHandler]
2018-10-25 09:41:13.952  INFO 3537 --- [main] s.w.s.m.m.a.RequestMappingHandlerAdapter : Looking for @ControllerAdvice: org.springframework.boot.web.servlet.context.AnnotationConfigServletWebServerApplicationContext@c9d0d6: startup date [Thu Oct 25 09:41:12 CST 2018]; root of context hierarchy
2018-10-25 09:41:14.015  INFO 3537 --- [main] s.w.s.m.m.a.RequestMappingHandlerMapping : Mapped "{[/error]}" onto public org.springframework.http.ResponseEntity<java.util.Map<java.lang.String, java.lang.Object>> org.springframework.boot.autoconfigure.web.servlet.error.BasicErrorController.error(javax.servlet.http.HttpServletRequest)
2018-10-25 09:41:14.016  INFO 3537 --- [main] s.w.s.m.m.a.RequestMappingHandlerMapping : Mapped "{[/error],produces=[text/html]}" onto public org.springframework.web.servlet.ModelAndView org.springframework.boot.autoconfigure.web.servlet.error.BasicErrorController.errorHtml(javax.servlet.http.HttpServletRequest,javax.servlet.http.HttpServletResponse)
2018-10-25 09:41:14.052  INFO 3537 --- [main] o.s.w.s.handler.SimpleUrlHandlerMapping  : Mapped URL path [/webjars/**] onto handler of type [class org.springframework.web.servlet.resource.ResourceHttpRequestHandler]
2018-10-25 09:41:14.052  INFO 3537 --- [main] o.s.w.s.handler.SimpleUrlHandlerMapping  : Mapped URL path [/**] onto handler of type [class org.springframework.web.servlet.resource.ResourceHttpRequestHandler]
2018-10-25 09:41:14.693  INFO 3537 --- [main] .s.s.UserDetailsServiceAutoConfiguration : 

Using generated security password: 83e06d53-19db-41d3-b6c5-c7c36cdce7a3

2018-10-25 09:41:14.855  INFO 3537 --- [main] o.s.s.web.DefaultSecurityFilterChain     : Creating filter chain: org.springframework.security.web.util.matcher.AnyRequestMatcher@1, [org.springframework.security.web.context.request.async.WebAsyncManagerIntegrationFilter@2abc8034, org.springframework.security.web.context.SecurityContextPersistenceFilter@7793ad58, org.springframework.security.web.header.HeaderWriterFilter@468173fa, org.springframework.security.web.csrf.CsrfFilter@6707a4bf, org.springframework.security.web.authentication.logout.LogoutFilter@3cc30dee, org.springframework.security.web.authentication.UsernamePasswordAuthenticationFilter@6411504a, org.springframework.security.web.authentication.ui.DefaultLoginPageGeneratingFilter@214beff9, org.springframework.security.web.authentication.www.BasicAuthenticationFilter@2668c286, org.springframework.security.web.savedrequest.RequestCacheAwareFilter@16132f21, org.springframework.security.web.servletapi.SecurityContextHolderAwareRequestFilter@67cffead, org.springframework.security.web.authentication.AnonymousAuthenticationFilter@467b0f6e, org.springframework.security.web.session.SessionManagementFilter@6f5bd362, org.springframework.security.web.access.ExceptionTranslationFilter@75cf0de5, org.springframework.security.web.access.intercept.FilterSecurityInterceptor@d88f893]
2018-10-25 09:41:14.954  INFO 3537 --- [main] o.s.j.e.a.AnnotationMBeanExporter        : Registering beans for JMX exposure on startup
2018-10-25 09:41:14.956  INFO 3537 --- [main] o.s.j.e.a.AnnotationMBeanExporter        : Bean with name 'dataSource' has been autodetected for JMX exposure
2018-10-25 09:41:14.961  INFO 3537 --- [main] o.s.j.e.a.AnnotationMBeanExporter        : Located MBean 'dataSource': registering with JMX server as MBean [com.zaxxer.hikari:name=dataSource,type=HikariDataSource]
2018-10-25 09:41:15.005  INFO 3537 --- [main] o.s.b.w.embedded.tomcat.TomcatWebServer  : Tomcat started on port(s): 9000 (http) with context path ''
2018-10-25 09:41:15.011  INFO 3537 --- [main] c.g.s.SecuritysampleApplication          : Started SecuritysampleApplication in 3.233 seconds (JVM running for 3.894)
2018-10-25 09:41:16.059  INFO 3537 --- [http-nio-9000-exec-1] o.a.c.c.C.[Tomcat].[localhost].[/]       : Initializing Spring FrameworkServlet 'dispatcherServlet'
2018-10-25 09:41:16.060  INFO 3537 --- [http-nio-9000-exec-1] o.s.web.servlet.DispatcherServlet        : FrameworkServlet 'dispatcherServlet': initialization started
2018-10-25 09:41:16.077  INFO 3537 --- [http-nio-9000-exec-1] o.s.web.servlet.DispatcherServlet        : FrameworkServlet 'dispatcherServlet': initialization completed in 17 ms
2018-10-25 09:41:37.954  INFO 3538 --- [main] c.g.s.SecuritysampleApplication          : Starting SecuritysampleApplication on bogon with PID 3538 (/Users/macbook37349/eclipse-workspace/securitysample/target/classes started by macbook37349 in /Users/macbook37349/eclipse-workspace/securitysample)
2018-10-25 09:41:37.958  INFO 3538 --- [main] c.g.s.SecuritysampleApplication          : No active profile set, falling back to default profiles: default
2018-10-25 09:41:37.992  INFO 3538 --- [main] ConfigServletWebServerApplicationContext : Refreshing org.springframework.boot.web.servlet.context.AnnotationConfigServletWebServerApplicationContext@2fd953a6: startup date [Thu Oct 25 09:41:37 CST 2018]; root of context hierarchy
2018-10-25 09:41:39.096  INFO 3538 --- [main] o.s.b.w.embedded.tomcat.TomcatWebServer  : Tomcat initialized with port(s): 9000 (http)
2018-10-25 09:41:39.120  INFO 3538 --- [main] o.apache.catalina.core.StandardService   : Starting service [Tomcat]
2018-10-25 09:41:39.120  INFO 3538 --- [main] org.apache.catalina.core.StandardEngine  : Starting Servlet Engine: Apache Tomcat/8.5.34
2018-10-25 09:41:39.124  INFO 3538 --- [localhost-startStop-1] o.a.catalina.core.AprLifecycleListener   : The APR based Apache Tomcat Native library which allows optimal performance in production environments was not found on the java.library.path: [/Users/macbook37349/Library/Java/Extensions:/Library/Java/Extensions:/Network/Library/Java/Extensions:/System/Library/Java/Extensions:/usr/lib/java:.]
2018-10-25 09:41:39.192  INFO 3538 --- [localhost-startStop-1] o.a.c.c.C.[Tomcat].[localhost].[/]       : Initializing Spring embedded WebApplicationContext
2018-10-25 09:41:39.192  INFO 3538 --- [localhost-startStop-1] o.s.web.context.ContextLoader            : Root WebApplicationContext: initialization completed in 1200 ms
2018-10-25 09:41:39.284  INFO 3538 --- [localhost-startStop-1] o.s.b.w.servlet.FilterRegistrationBean   : Mapping filter: 'characterEncodingFilter' to: [/*]
2018-10-25 09:41:39.285  INFO 3538 --- [localhost-startStop-1] o.s.b.w.servlet.FilterRegistrationBean   : Mapping filter: 'hiddenHttpMethodFilter' to: [/*]
2018-10-25 09:41:39.285  INFO 3538 --- [localhost-startStop-1] o.s.b.w.servlet.FilterRegistrationBean   : Mapping filter: 'httpPutFormContentFilter' to: [/*]
2018-10-25 09:41:39.285  INFO 3538 --- [localhost-startStop-1] o.s.b.w.servlet.FilterRegistrationBean   : Mapping filter: 'requestContextFilter' to: [/*]
2018-10-25 09:41:39.286  INFO 3538 --- [localhost-startStop-1] .s.DelegatingFilterProxyRegistrationBean : Mapping filter: 'springSecurityFilterChain' to: [/*]
2018-10-25 09:41:39.286  INFO 3538 --- [localhost-startStop-1] o.s.b.w.servlet.ServletRegistrationBean  : Servlet dispatcherServlet mapped to [/]
2018-10-25 09:41:39.396  INFO 3538 --- [main] o.s.w.s.handler.SimpleUrlHandlerMapping  : Mapped URL path [/**/favicon.ico] onto handler of type [class org.springframework.web.servlet.resource.ResourceHttpRequestHandler]
2018-10-25 09:41:39.592  INFO 3538 --- [main] s.w.s.m.m.a.RequestMappingHandlerAdapter : Looking for @ControllerAdvice: org.springframework.boot.web.servlet.context.AnnotationConfigServletWebServerApplicationContext@2fd953a6: startup date [Thu Oct 25 09:41:37 CST 2018]; root of context hierarchy
2018-10-25 09:41:39.651  INFO 3538 --- [main] s.w.s.m.m.a.RequestMappingHandlerMapping : Mapped "{[/error]}" onto public org.springframework.http.ResponseEntity<java.util.Map<java.lang.String, java.lang.Object>> org.springframework.boot.autoconfigure.web.servlet.error.BasicErrorController.error(javax.servlet.http.HttpServletRequest)
2018-10-25 09:41:39.652  INFO 3538 --- [main] s.w.s.m.m.a.RequestMappingHandlerMapping : Mapped "{[/error],produces=[text/html]}" onto public org.springframework.web.servlet.ModelAndView org.springframework.boot.autoconfigure.web.servlet.error.BasicErrorController.errorHtml(javax.servlet.http.HttpServletRequest,javax.servlet.http.HttpServletResponse)
2018-10-25 09:41:39.687  INFO 3538 --- [main] o.s.w.s.handler.SimpleUrlHandlerMapping  : Mapped URL path [/webjars/**] onto handler of type [class org.springframework.web.servlet.resource.ResourceHttpRequestHandler]
2018-10-25 09:41:39.688  INFO 3538 --- [main] o.s.w.s.handler.SimpleUrlHandlerMapping  : Mapped URL path [/**] onto handler of type [class org.springframework.web.servlet.resource.ResourceHttpRequestHandler]
2018-10-25 09:41:40.292  INFO 3538 --- [main] .s.s.UserDetailsServiceAutoConfiguration : 

Using generated security password: 3551be3c-de3b-43e5-ac05-781711b7b275

2018-10-25 09:41:40.445  INFO 3538 --- [main] o.s.s.web.DefaultSecurityFilterChain     : Creating filter chain: org.springframework.security.web.util.matcher.AnyRequestMatcher@1, [org.springframework.security.web.context.request.async.WebAsyncManagerIntegrationFilter@3290b1a6, org.springframework.security.web.context.SecurityContextPersistenceFilter@66a53104, org.springframework.security.web.header.HeaderWriterFilter@56cc9f29, org.springframework.security.web.csrf.CsrfFilter@50ab56e2, org.springframework.security.web.authentication.logout.LogoutFilter@6c184d4d, org.springframework.security.web.authentication.UsernamePasswordAuthenticationFilter@649f25f3, org.springframework.security.web.authentication.ui.DefaultLoginPageGeneratingFilter@66223d94, org.springframework.security.web.authentication.www.BasicAuthenticationFilter@16da476c, org.springframework.security.web.savedrequest.RequestCacheAwareFilter@6f825516, org.springframework.security.web.servletapi.SecurityContextHolderAwareRequestFilter@6ec63f8, org.springframework.security.web.authentication.AnonymousAuthenticationFilter@6fcd31c3, org.springframework.security.web.session.SessionManagementFilter@626c19cf, org.springframework.security.web.access.ExceptionTranslationFilter@723877dd, org.springframework.security.web.access.intercept.FilterSecurityInterceptor@64387c17]
2018-10-25 09:41:40.545  INFO 3538 --- [main] o.s.j.e.a.AnnotationMBeanExporter        : Registering beans for JMX exposure on startup
2018-10-25 09:41:40.547  INFO 3538 --- [main] o.s.j.e.a.AnnotationMBeanExporter        : Bean with name 'dataSource' has been autodetected for JMX exposure
2018-10-25 09:41:40.552  INFO 3538 --- [main] o.s.j.e.a.AnnotationMBeanExporter        : Located MBean 'dataSource': registering with JMX server as MBean [com.zaxxer.hikari:name=dataSource,type=HikariDataSource]
2018-10-25 09:41:40.594  INFO 3538 --- [main] o.s.b.w.embedded.tomcat.TomcatWebServer  : Tomcat started on port(s): 9000 (http) with context path ''
2018-10-25 09:41:40.601  INFO 3538 --- [main] c.g.s.SecuritysampleApplication          : Started SecuritysampleApplication in 2.994 seconds (JVM running for 4.648)
2018-10-25 09:41:44.013  INFO 3538 --- [http-nio-9000-exec-2] o.a.c.c.C.[Tomcat].[localhost].[/]       : Initializing Spring FrameworkServlet 'dispatcherServlet'
2018-10-25 09:41:44.014  INFO 3538 --- [http-nio-9000-exec-2] o.s.web.servlet.DispatcherServlet        : FrameworkServlet 'dispatcherServlet': initialization started
2018-10-25 09:41:44.030  INFO 3538 --- [http-nio-9000-exec-2] o.s.web.servlet.DispatcherServlet        : FrameworkServlet 'dispatcherServlet': initialization completed in 16 ms
2018-10-25 09:43:43.678  INFO 3539 --- [main] c.g.s.SecuritysampleApplication          : Starting SecuritysampleApplication on bogon with PID 3539 (/Users/macbook37349/eclipse-workspace/securitysample/target/classes started by macbook37349 in /Users/macbook37349/eclipse-workspace/securitysample)
2018-10-25 09:43:43.682  INFO 3539 --- [main] c.g.s.SecuritysampleApplication          : No active profile set, falling back to default profiles: default
2018-10-25 09:43:43.721  INFO 3539 --- [main] ConfigServletWebServerApplicationContext : Refreshing org.springframework.boot.web.servlet.context.AnnotationConfigServletWebServerApplicationContext@512baff6: startup date [Thu Oct 25 09:43:43 CST 2018]; root of context hierarchy
2018-10-25 09:43:44.947  INFO 3539 --- [main] o.s.b.w.embedded.tomcat.TomcatWebServer  : Tomcat initialized with port(s): 9000 (http)
2018-10-25 09:43:44.971  INFO 3539 --- [main] o.apache.catalina.core.StandardService   : Starting service [Tomcat]
2018-10-25 09:43:44.972  INFO 3539 --- [main] org.apache.catalina.core.StandardEngine  : Starting Servlet Engine: Apache Tomcat/8.5.34
2018-10-25 09:43:44.976  INFO 3539 --- [localhost-startStop-1] o.a.catalina.core.AprLifecycleListener   : The APR based Apache Tomcat Native library which allows optimal performance in production environments was not found on the java.library.path: [/Users/macbook37349/Library/Java/Extensions:/Library/Java/Extensions:/Network/Library/Java/Extensions:/System/Library/Java/Extensions:/usr/lib/java:.]
2018-10-25 09:43:45.050  INFO 3539 --- [localhost-startStop-1] o.a.c.c.C.[Tomcat].[localhost].[/]       : Initializing Spring embedded WebApplicationContext
2018-10-25 09:43:45.050  INFO 3539 --- [localhost-startStop-1] o.s.web.context.ContextLoader            : Root WebApplicationContext: initialization completed in 1329 ms
2018-10-25 09:43:45.142  INFO 3539 --- [localhost-startStop-1] o.s.b.w.servlet.FilterRegistrationBean   : Mapping filter: 'characterEncodingFilter' to: [/*]
2018-10-25 09:43:45.143  INFO 3539 --- [localhost-startStop-1] o.s.b.w.servlet.FilterRegistrationBean   : Mapping filter: 'hiddenHttpMethodFilter' to: [/*]
2018-10-25 09:43:45.143  INFO 3539 --- [localhost-startStop-1] o.s.b.w.servlet.FilterRegistrationBean   : Mapping filter: 'httpPutFormContentFilter' to: [/*]
2018-10-25 09:43:45.143  INFO 3539 --- [localhost-startStop-1] o.s.b.w.servlet.FilterRegistrationBean   : Mapping filter: 'requestContextFilter' to: [/*]
2018-10-25 09:43:45.144  INFO 3539 --- [localhost-startStop-1] .s.DelegatingFilterProxyRegistrationBean : Mapping filter: 'springSecurityFilterChain' to: [/*]
2018-10-25 09:43:45.144  INFO 3539 --- [localhost-startStop-1] o.s.b.w.servlet.ServletRegistrationBean  : Servlet dispatcherServlet mapped to [/]
2018-10-25 09:43:45.261  INFO 3539 --- [main] o.s.w.s.handler.SimpleUrlHandlerMapping  : Mapped URL path [/**/favicon.ico] onto handler of type [class org.springframework.web.servlet.resource.ResourceHttpRequestHandler]
2018-10-25 09:43:45.457  INFO 3539 --- [main] s.w.s.m.m.a.RequestMappingHandlerAdapter : Looking for @ControllerAdvice: org.springframework.boot.web.servlet.context.AnnotationConfigServletWebServerApplicationContext@512baff6: startup date [Thu Oct 25 09:43:43 CST 2018]; root of context hierarchy
2018-10-25 09:43:45.519  INFO 3539 --- [main] s.w.s.m.m.a.RequestMappingHandlerMapping : Mapped "{[/error]}" onto public org.springframework.http.ResponseEntity<java.util.Map<java.lang.String, java.lang.Object>> org.springframework.boot.autoconfigure.web.servlet.error.BasicErrorController.error(javax.servlet.http.HttpServletRequest)
2018-10-25 09:43:45.520  INFO 3539 --- [main] s.w.s.m.m.a.RequestMappingHandlerMapping : Mapped "{[/error],produces=[text/html]}" onto public org.springframework.web.servlet.ModelAndView org.springframework.boot.autoconfigure.web.servlet.error.BasicErrorController.errorHtml(javax.servlet.http.HttpServletRequest,javax.servlet.http.HttpServletResponse)
2018-10-25 09:43:45.554  INFO 3539 --- [main] o.s.w.s.handler.SimpleUrlHandlerMapping  : Mapped URL path [/webjars/**] onto handler of type [class org.springframework.web.servlet.resource.ResourceHttpRequestHandler]
2018-10-25 09:43:45.554  INFO 3539 --- [main] o.s.w.s.handler.SimpleUrlHandlerMapping  : Mapped URL path [/**] onto handler of type [class org.springframework.web.servlet.resource.ResourceHttpRequestHandler]
2018-10-25 09:43:46.182  INFO 3539 --- [main] .s.s.UserDetailsServiceAutoConfiguration : 

Using generated security password: a0e29fa7-87db-4869-bb45-f64f2696a776

2018-10-25 09:43:46.353  INFO 3539 --- [main] o.s.s.web.DefaultSecurityFilterChain     : Creating filter chain: org.springframework.security.web.util.matcher.AnyRequestMatcher@1, [org.springframework.security.web.context.request.async.WebAsyncManagerIntegrationFilter@5503de1, org.springframework.security.web.context.SecurityContextPersistenceFilter@2da99821, org.springframework.security.web.header.HeaderWriterFilter@54a2d96e, org.springframework.security.web.csrf.CsrfFilter@75fd65c, org.springframework.security.web.authentication.logout.LogoutFilter@7a6ea47d, org.springframework.security.web.authentication.UsernamePasswordAuthenticationFilter@bf75b5c, org.springframework.security.web.authentication.ui.DefaultLoginPageGeneratingFilter@220c9a63, org.springframework.security.web.authentication.www.BasicAuthenticationFilter@60ed12e8, org.springframework.security.web.savedrequest.RequestCacheAwareFilter@1b482cbf, org.springframework.security.web.servletapi.SecurityContextHolderAwareRequestFilter@479ac2cb, org.springframework.security.web.authentication.AnonymousAuthenticationFilter@32faa16c, org.springframework.security.web.session.SessionManagementFilter@6d229b1c, org.springframework.security.web.access.ExceptionTranslationFilter@535b1ae6, org.springframework.security.web.access.intercept.FilterSecurityInterceptor@41d16cc3]
2018-10-25 09:43:46.473  INFO 3539 --- [main] o.s.j.e.a.AnnotationMBeanExporter        : Registering beans for JMX exposure on startup
2018-10-25 09:43:46.475  INFO 3539 --- [main] o.s.j.e.a.AnnotationMBeanExporter        : Bean with name 'dataSource' has been autodetected for JMX exposure
2018-10-25 09:43:46.483  INFO 3539 --- [main] o.s.j.e.a.AnnotationMBeanExporter        : Located MBean 'dataSource': registering with JMX server as MBean [com.zaxxer.hikari:name=dataSource,type=HikariDataSource]
2018-10-25 09:43:46.552  INFO 3539 --- [main] o.s.b.w.embedded.tomcat.TomcatWebServer  : Tomcat started on port(s): 9000 (http) with context path ''
2018-10-25 09:43:46.558  INFO 3539 --- [main] c.g.s.SecuritysampleApplication          : Started SecuritysampleApplication in 3.239 seconds (JVM running for 4.768)
2018-10-25 09:43:48.143  INFO 3539 --- [http-nio-9000-exec-1] o.a.c.c.C.[Tomcat].[localhost].[/]       : Initializing Spring FrameworkServlet 'dispatcherServlet'
2018-10-25 09:43:48.143  INFO 3539 --- [http-nio-9000-exec-1] o.s.web.servlet.DispatcherServlet        : FrameworkServlet 'dispatcherServlet': initialization started
2018-10-25 09:43:48.160  INFO 3539 --- [http-nio-9000-exec-1] o.s.web.servlet.DispatcherServlet        : FrameworkServlet 'dispatcherServlet': initialization completed in 17 ms
